c:\users\thelads\google drive\workspace\games engines\lab 3\bge-lab3\bge\debug\vc120.pdb
c:\users\thelads\google drive\workspace\games engines\lab 3\bge-lab3\bge\debug\vc120.idb
c:\users\thelads\google drive\workspace\games engines\lab 3\bge-lab3\bge\debug\linedrawer.obj
c:\users\thelads\google drive\workspace\games engines\lab 3\bge-lab3\bge\debug\main.obj
c:\users\thelads\google drive\workspace\games engines\lab 3\bge-lab3\bge\debug\model.obj
c:\users\thelads\google drive\workspace\games engines\lab 3\bge-lab3\bge\debug\modeltest.obj
c:\users\thelads\google drive\workspace\games engines\lab 3\bge-lab3\bge\debug\motionstate.obj
c:\users\thelads\google drive\workspace\games engines\lab 3\bge-lab3\bge\debug\params.obj
c:\users\thelads\google drive\workspace\games engines\lab 3\bge-lab3\bge\debug\physicscamera.obj
c:\users\thelads\google drive\workspace\games engines\lab 3\bge-lab3\bge\debug\physicsfactory.obj
c:\users\thelads\google drive\workspace\games engines\lab 3\bge-lab3\bge\debug\physicsgame1.obj
c:\users\thelads\google drive\workspace\games engines\lab 3\bge-lab3\bge\debug\physicscontroller.obj
c:\users\thelads\google drive\workspace\games engines\lab 3\bge-lab3\bge\debug\riftcontroller.obj
c:\users\thelads\google drive\workspace\games engines\lab 3\bge-lab3\bge\debug\soundsystem.obj
c:\users\thelads\google drive\workspace\games engines\lab 3\bge-lab3\bge\debug\steerable3dcontroller.obj
c:\users\thelads\google drive\workspace\games engines\lab 3\bge-lab3\bge\debug\sphere.obj
c:\users\thelads\google drive\workspace\games engines\lab 3\bge-lab3\bge\debug\steeringcontroler.obj
c:\users\thelads\google drive\workspace\games engines\lab 3\bge-lab3\bge\debug\texturedcube.obj
c:\users\thelads\google drive\workspace\games engines\lab 3\bge-lab3\bge\debug\triangletest.obj
c:\users\thelads\google drive\workspace\games engines\lab 3\bge-lab3\bge\debug\vectordrawer.obj
c:\users\thelads\google drive\workspace\games engines\lab 3\bge-lab3\bge\debug\vrgame2.obj
c:\users\thelads\google drive\workspace\games engines\lab 3\bge-lab3\bge\debug\xboxcontroller.obj
c:\users\thelads\google drive\workspace\games engines\lab 3\bge-lab3\bge\debug\route.obj
c:\users\thelads\google drive\workspace\games engines\lab 3\bge-lab3\bge\debug\scenario.obj
c:\users\thelads\google drive\workspace\games engines\lab 3\bge-lab3\bge\debug\scenegraphgame.obj
c:\users\thelads\google drive\workspace\games engines\lab 3\bge-lab3\bge\debug\skeletonmapper.obj
c:\users\thelads\google drive\workspace\games engines\lab 3\bge-lab3\bge\debug\snoweffect.obj
c:\users\thelads\google drive\workspace\games engines\lab 3\bge-lab3\bge\debug\state.obj
c:\users\thelads\google drive\workspace\games engines\lab 3\bge-lab3\bge\debug\steeringgame.obj
c:\users\thelads\google drive\workspace\games engines\lab 3\bge-lab3\bge\debug\transform.obj
c:\users\thelads\google drive\workspace\games engines\lab 3\bge-lab3\bge\debug\utils.obj
c:\users\thelads\google drive\workspace\games engines\lab 3\bge-lab3\bge\debug\exception.obj
c:\users\thelads\google drive\workspace\games engines\lab 3\bge-lab3\bge\debug\box.obj
c:\users\thelads\google drive\workspace\games engines\lab 3\bge-lab3\bge\debug\camera.obj
c:\users\thelads\google drive\workspace\games engines\lab 3\bge-lab3\bge\debug\content.obj
c:\users\thelads\google drive\workspace\games engines\lab 3\bge-lab3\bge\debug\cubetest.obj
c:\users\thelads\google drive\workspace\games engines\lab 3\bge-lab3\bge\debug\cylinder.obj
c:\users\thelads\google drive\workspace\games engines\lab 3\bge-lab3\bge\debug\fpscontroller.obj
c:\users\thelads\google drive\workspace\games engines\lab 3\bge-lab3\bge\debug\game.obj
c:\users\thelads\google drive\workspace\games engines\lab 3\bge-lab3\bge\debug\gamecomponent.obj
c:\users\thelads\google drive\workspace\games engines\lab 3\bge-lab3\bge\debug\ground.obj
c:\users\thelads\google drive\workspace\games engines\lab 3\bge-lab3\bge\debug\kinematicmotionstate.obj
c:\users\thelads\google drive\workspace\games engines\lab 3\bge-lab3\bge\debug\attackingstate.obj
c:\users\thelads\google drive\workspace\games engines\lab 3\bge-lab3\bge\debug\buddha.obj
c:\users\thelads\google drive\workspace\games engines\lab 3\bge-lab3\bge\debug\capsule.obj
c:\users\thelads\google drive\workspace\games engines\lab 3\bge-lab3\bge\debug\flockingscenario.obj
c:\users\thelads\google drive\workspace\games engines\lab 3\bge-lab3\bge\debug\fountaineffect.obj
c:\users\thelads\google drive\workspace\games engines\lab 3\bge-lab3\bge\debug\idlestate.obj
c:\users\thelads\google drive\workspace\games engines\lab 3\bge-lab3\bge\debug\kinectaudiostream.obj
c:\users\thelads\google drive\workspace\games engines\lab 3\bge-lab3\bge\debug\lab3.obj
c:\users\thelads\google drive\workspace\games engines\lab 3\bge-lab3\bge\debug\lab4.obj
c:\users\thelads\google drive\workspace\games engines\lab 3\bge-lab3\bge\debug\lab5.obj
c:\users\thelads\google drive\workspace\games engines\lab 3\bge-lab3\bge\debug\lab6.obj
c:\users\thelads\google drive\workspace\games engines\lab 3\bge-lab3\bge\debug\lab7.obj
c:\users\thelads\google drive\workspace\games engines\lab 3\bge-lab3\bge\debug\lazerbeam.obj
c:\users\thelads\google drive\workspace\games engines\lab 3\bge-lab3\bge\debug\leaphands.obj
c:\users\thelads\google drive\workspace\games engines\lab 3\bge-lab3\bge\debug\obstacleavoidancescenario.obj
c:\users\thelads\google drive\workspace\games engines\lab 3\bge-lab3\bge\debug\particle.obj
c:\users\thelads\google drive\workspace\games engines\lab 3\bge-lab3\bge\debug\particleeffect.obj
c:\users\thelads\google drive\workspace\games engines\lab 3\bge-lab3\bge\debug\pathfollowingscenario.obj
c:\users\thelads\google drive\workspace\games engines\lab 3\bge-lab3\bge\debug\person2.obj
c:\users\thelads\google drive\workspace\games engines\lab 3\bge-lab3\bge\debug\physicsdrawer.obj
c:\users\thelads\google drive\workspace\games engines\lab 3\bge-lab3\debug\bge.exe
c:\users\thelads\google drive\workspace\games engines\lab 3\bge-lab3\debug\bge.pdb
c:\users\thelads\google drive\workspace\games engines\lab 3\bge-lab3\bge\debug\bge.tlog\cl.command.1.tlog
c:\users\thelads\google drive\workspace\games engines\lab 3\bge-lab3\bge\debug\bge.tlog\cl.read.1.tlog
c:\users\thelads\google drive\workspace\games engines\lab 3\bge-lab3\bge\debug\bge.tlog\cl.write.1.tlog
c:\users\thelads\google drive\workspace\games engines\lab 3\bge-lab3\bge\debug\bge.tlog\link.command.1.tlog
c:\users\thelads\google drive\workspace\games engines\lab 3\bge-lab3\bge\debug\bge.tlog\link.read.1.tlog
c:\users\thelads\google drive\workspace\games engines\lab 3\bge-lab3\bge\debug\bge.tlog\link.write.1.tlog
