Build started 17/11/2016 23:29:14.
     1>Project "C:\Users\Kevin\Google Drive\CollegeWork\4thYear\GamesEngines\Assignment\BGE\BGE\BGE.vcxproj" on node 2 (Build target(s)).
     1>ClCompile:
         C:\Program Files (x86)\Microsoft Visual Studio 12.0\VC\bin\CL.exe /c /ZI /nologo /W3 /WX- /Od /Oy- /D WIN32 /D _DEBUG /D _WINDOWS /D _UNICODE /D UNICODE /Gm /EHsc /RTC1 /MDd /GS /fp:precise /Zc:wchar_t /Zc:forScope /Fo"Debug\\" /Fd"Debug\vc120.pdb" /Gd /TP /analyze- /errorReport:prompt PhysicsCamera.cpp PhysicsGame1.cpp Salamander.cpp main.cpp
         Salamander.cpp
         Generating Code...
         Compiling...
         main.cpp
     1>c:\users\kevin\google drive\collegework\4thyear\gamesengines\assignment\bge\dependencies\speech\v11.0\include\sphelper.h(1235): warning C4996: 'GetVersionExW': was declared deprecated
                 c:\program files (x86)\windows kits\8.1\include\um\sysinfoapi.h(442) : see declaration of 'GetVersionExW'
         PhysicsGame1.cpp
     1>c:\users\kevin\google drive\collegework\4thyear\gamesengines\assignment\bge\bge\physicsgame1.cpp(37): warning C4305: 'argument' : truncation from 'double' to 'const btScalar'
         PhysicsCamera.cpp
         Generating Code...
       Link:
         C:\Program Files (x86)\Microsoft Visual Studio 12.0\VC\bin\link.exe /ERRORREPORT:PROMPT /OUT:"C:\Users\Kevin\Google Drive\CollegeWork\4thYear\GamesEngines\Assignment\BGE\Debug\BGE.exe" /INCREMENTAL /NOLOGO Leap.lib Ws2_32.lib BulletCollision_vs2010_debug.lib BulletDynamics_vs2010_debug.lib LinearMath_vs2010_debug.lib fmodex_vc.lib winmm.lib libovr.lib glew32.lib SDL2.lib SDL2main.lib SDL2_ttf.lib opengl32.lib glu32.lib Kinect20.lib Kinect20.Face.lib kernel32.lib user32.lib gdi32.lib winspool.lib comdlg32.lib advapi32.lib shell32.lib ole32.lib oleaut32.lib uuid.lib odbc32.lib odbccp32.lib /MANIFEST /MANIFESTUAC:"level='asInvoker' uiAccess='false'" /manifest:embed /DEBUG /PDB:"C:\Users\Kevin\Google Drive\CollegeWork\4thYear\GamesEngines\Assignment\BGE\Debug\BGE.pdb" /SUBSYSTEM:WINDOWS /TLBID:1 /DYNAMICBASE /NXCOMPAT /IMPLIB:"C:\Users\Kevin\Google Drive\CollegeWork\4thYear\GamesEngines\Assignment\BGE\Debug\BGE.lib" /MACHINE:X86 /PROFILE Debug\AttackingState.obj
         Debug\Buddha.obj
         Debug\Capsule.obj
         Debug\FlockingScenario.obj
         Debug\FountainEffect.obj
         Debug\IdleState.obj
         Debug\KinectAudioStream.obj
         Debug\Lab3.obj
         Debug\LazerBeam.obj
         Debug\LeapHands.obj
         Debug\ObstacleAvoidanceScenario.obj
         Debug\Particle.obj
         Debug\ParticleEffect.obj
         Debug\PathFollowingScenario.obj
         Debug\Person2.obj
         Debug\PhysicsDrawer.obj
         Debug\Route.obj
         Debug\Salamander.obj
         Debug\Scenario.obj
         Debug\SceneGraphGame.obj
         Debug\SkeletonMapper.obj
         Debug\SnowEffect.obj
         Debug\State.obj
         Debug\SteeringGame.obj
         Debug\Transform.obj
         Debug\Utils.obj
         Debug\Exception.obj
         Debug\Box.obj
         Debug\Camera.obj
         Debug\Content.obj
         Debug\CubeTest.obj
         Debug\Cylinder.obj
         Debug\FPSController.obj
         Debug\Game.obj
         Debug\GameComponent.obj
         Debug\Ground.obj
         Debug\KinematicMotionState.obj
         Debug\LineDrawer.obj
         Debug\main.obj
         Debug\Model.obj
         Debug\ModelTest.obj
         Debug\MotionState.obj
         Debug\Params.obj
         Debug\PhysicsCamera.obj
         Debug\PhysicsFactory.obj
         Debug\PhysicsGame1.obj
         Debug\PhysicsController.obj
         Debug\RiftController.obj
         Debug\SoundSystem.obj
         Debug\Steerable3DController.obj
         Debug\Sphere.obj
         Debug\SteeringControler.obj
         Debug\TexturedCube.obj
         Debug\TriangleTest.obj
         Debug\VectorDrawer.obj
         Debug\VRGame2.obj
         Debug\XBoxController.obj
     1>LINK : warning LNK4075: ignoring '/INCREMENTAL' due to '/PROFILE' specification
     1>AttackingState.obj : warning LNK4075: ignoring '/EDITANDCONTINUE' due to '/OPT:LBR' specification
     1>MSVCRTD.lib(cinitexe.obj) : warning LNK4098: defaultlib 'msvcrt.lib' conflicts with use of other libs; use /NODEFAULTLIB:library
     1>BulletCollision_vs2010_debug.lib(btAxisSweep3.obj) : warning LNK4099: PDB 'bulletcollision_vs2010_debug.pdb' was not found with 'BulletCollision_vs2010_debug.lib(btAxisSweep3.obj)' or at 'C:\Users\Kevin\Google Drive\CollegeWork\4thYear\GamesEngines\Assignment\BGE\Debug\bulletcollision_vs2010_debug.pdb'; linking object as if no debug info
     1>BulletCollision_vs2010_debug.lib(btCollisionAlgorithm.obj) : warning LNK4099: PDB 'bulletcollision_vs2010_debug.pdb' was not found with 'BulletCollision_vs2010_debug.lib(btCollisionAlgorithm.obj)' or at 'C:\Users\Kevin\Google Drive\CollegeWork\4thYear\GamesEngines\Assignment\BGE\Debug\bulletcollision_vs2010_debug.pdb'; linking object as if no debug info
     1>BulletCollision_vs2010_debug.lib(btDbvt.obj) : warning LNK4099: PDB 'bulletcollision_vs2010_debug.pdb' was not found with 'BulletCollision_vs2010_debug.lib(btDbvt.obj)' or at 'C:\Users\Kevin\Google Drive\CollegeWork\4thYear\GamesEngines\Assignment\BGE\Debug\bulletcollision_vs2010_debug.pdb'; linking object as if no debug info
     1>BulletCollision_vs2010_debug.lib(btDbvtBroadphase.obj) : warning LNK4099: PDB 'bulletcollision_vs2010_debug.pdb' was not found with 'BulletCollision_vs2010_debug.lib(btDbvtBroadphase.obj)' or at 'C:\Users\Kevin\Google Drive\CollegeWork\4thYear\GamesEngines\Assignment\BGE\Debug\bulletcollision_vs2010_debug.pdb'; linking object as if no debug info
     1>BulletCollision_vs2010_debug.lib(btDispatcher.obj) : warning LNK4099: PDB 'bulletcollision_vs2010_debug.pdb' was not found with 'BulletCollision_vs2010_debug.lib(btDispatcher.obj)' or at 'C:\Users\Kevin\Google Drive\CollegeWork\4thYear\GamesEngines\Assignment\BGE\Debug\bulletcollision_vs2010_debug.pdb'; linking object as if no debug info
     1>BulletCollision_vs2010_debug.lib(btOverlappingPairCache.obj) : warning LNK4099: PDB 'bulletcollision_vs2010_debug.pdb' was not found with 'BulletCollision_vs2010_debug.lib(btOverlappingPairCache.obj)' or at 'C:\Users\Kevin\Google Drive\CollegeWork\4thYear\GamesEngines\Assignment\BGE\Debug\bulletcollision_vs2010_debug.pdb'; linking object as if no debug info
     1>BulletCollision_vs2010_debug.lib(btQuantizedBvh.obj) : warning LNK4099: PDB 'bulletcollision_vs2010_debug.pdb' was not found with 'BulletCollision_vs2010_debug.lib(btQuantizedBvh.obj)' or at 'C:\Users\Kevin\Google Drive\CollegeWork\4thYear\GamesEngines\Assignment\BGE\Debug\bulletcollision_vs2010_debug.pdb'; linking object as if no debug info
     1>BulletCollision_vs2010_debug.lib(btActivatingCollisionAlgorithm.obj) : warning LNK4099: PDB 'bulletcollision_vs2010_debug.pdb' was not found with 'BulletCollision_vs2010_debug.lib(btActivatingCollisionAlgorithm.obj)' or at 'C:\Users\Kevin\Google Drive\CollegeWork\4thYear\GamesEngines\Assignment\BGE\Debug\bulletcollision_vs2010_debug.pdb'; linking object as if no debug info
     1>BulletCollision_vs2010_debug.lib(btBoxBoxCollisionAlgorithm.obj) : warning LNK4099: PDB 'bulletcollision_vs2010_debug.pdb' was not found with 'BulletCollision_vs2010_debug.lib(btBoxBoxCollisionAlgorithm.obj)' or at 'C:\Users\Kevin\Google Drive\CollegeWork\4thYear\GamesEngines\Assignment\BGE\Debug\bulletcollision_vs2010_debug.pdb'; linking object as if no debug info
     1>BulletCollision_vs2010_debug.lib(btBoxBoxDetector.obj) : warning LNK4099: PDB 'bulletcollision_vs2010_debug.pdb' was not found with 'BulletCollision_vs2010_debug.lib(btBoxBoxDetector.obj)' or at 'C:\Users\Kevin\Google Drive\CollegeWork\4thYear\GamesEngines\Assignment\BGE\Debug\bulletcollision_vs2010_debug.pdb'; linking object as if no debug info
     1>BulletCollision_vs2010_debug.lib(btCollisionDispatcher.obj) : warning LNK4099: PDB 'bulletcollision_vs2010_debug.pdb' was not found with 'BulletCollision_vs2010_debug.lib(btCollisionDispatcher.obj)' or at 'C:\Users\Kevin\Google Drive\CollegeWork\4thYear\GamesEngines\Assignment\BGE\Debug\bulletcollision_vs2010_debug.pdb'; linking object as if no debug info
     1>BulletCollision_vs2010_debug.lib(btCollisionObject.obj) : warning LNK4099: PDB 'bulletcollision_vs2010_debug.pdb' was not found with 'BulletCollision_vs2010_debug.lib(btCollisionObject.obj)' or at 'C:\Users\Kevin\Google Drive\CollegeWork\4thYear\GamesEngines\Assignment\BGE\Debug\bulletcollision_vs2010_debug.pdb'; linking object as if no debug info
     1>BulletCollision_vs2010_debug.lib(btCollisionWorld.obj) : warning LNK4099: PDB 'bulletcollision_vs2010_debug.pdb' was not found with 'BulletCollision_vs2010_debug.lib(btCollisionWorld.obj)' or at 'C:\Users\Kevin\Google Drive\CollegeWork\4thYear\GamesEngines\Assignment\BGE\Debug\bulletcollision_vs2010_debug.pdb'; linking object as if no debug info
     1>BulletCollision_vs2010_debug.lib(btCompoundCollisionAlgorithm.obj) : warning LNK4099: PDB 'bulletcollision_vs2010_debug.pdb' was not found with 'BulletCollision_vs2010_debug.lib(btCompoundCollisionAlgorithm.obj)' or at 'C:\Users\Kevin\Google Drive\CollegeWork\4thYear\GamesEngines\Assignment\BGE\Debug\bulletcollision_vs2010_debug.pdb'; linking object as if no debug info
     1>BulletCollision_vs2010_debug.lib(btCompoundCompoundCollisionAlgorithm.obj) : warning LNK4099: PDB 'bulletcollision_vs2010_debug.pdb' was not found with 'BulletCollision_vs2010_debug.lib(btCompoundCompoundCollisionAlgorithm.obj)' or at 'C:\Users\Kevin\Google Drive\CollegeWork\4thYear\GamesEngines\Assignment\BGE\Debug\bulletcollision_vs2010_debug.pdb'; linking object as if no debug info
     1>BulletCollision_vs2010_debug.lib(btConvexConcaveCollisionAlgorithm.obj) : warning LNK4099: PDB 'bulletcollision_vs2010_debug.pdb' was not found with 'BulletCollision_vs2010_debug.lib(btConvexConcaveCollisionAlgorithm.obj)' or at 'C:\Users\Kevin\Google Drive\CollegeWork\4thYear\GamesEngines\Assignment\BGE\Debug\bulletcollision_vs2010_debug.pdb'; linking object as if no debug info
     1>BulletCollision_vs2010_debug.lib(btConvexConvexAlgorithm.obj) : warning LNK4099: PDB 'bulletcollision_vs2010_debug.pdb' was not found with 'BulletCollision_vs2010_debug.lib(btConvexConvexAlgorithm.obj)' or at 'C:\Users\Kevin\Google Drive\CollegeWork\4thYear\GamesEngines\Assignment\BGE\Debug\bulletcollision_vs2010_debug.pdb'; linking object as if no debug info
     1>BulletCollision_vs2010_debug.lib(btConvexPlaneCollisionAlgorithm.obj) : warning LNK4099: PDB 'bulletcollision_vs2010_debug.pdb' was not found with 'BulletCollision_vs2010_debug.lib(btConvexPlaneCollisionAlgorithm.obj)' or at 'C:\Users\Kevin\Google Drive\CollegeWork\4thYear\GamesEngines\Assignment\BGE\Debug\bulletcollision_vs2010_debug.pdb'; linking object as if no debug info
     1>BulletCollision_vs2010_debug.lib(btDefaultCollisionConfiguration.obj) : warning LNK4099: PDB 'bulletcollision_vs2010_debug.pdb' was not found with 'BulletCollision_vs2010_debug.lib(btDefaultCollisionConfiguration.obj)' or at 'C:\Users\Kevin\Google Drive\CollegeWork\4thYear\GamesEngines\Assignment\BGE\Debug\bulletcollision_vs2010_debug.pdb'; linking object as if no debug info
     1>BulletCollision_vs2010_debug.lib(btEmptyCollisionAlgorithm.obj) : warning LNK4099: PDB 'bulletcollision_vs2010_debug.pdb' was not found with 'BulletCollision_vs2010_debug.lib(btEmptyCollisionAlgorithm.obj)' or at 'C:\Users\Kevin\Google Drive\CollegeWork\4thYear\GamesEngines\Assignment\BGE\Debug\bulletcollision_vs2010_debug.pdb'; linking object as if no debug info
     1>BulletCollision_vs2010_debug.lib(btHashedSimplePairCache.obj) : warning LNK4099: PDB 'bulletcollision_vs2010_debug.pdb' was not found with 'BulletCollision_vs2010_debug.lib(btHashedSimplePairCache.obj)' or at 'C:\Users\Kevin\Google Drive\CollegeWork\4thYear\GamesEngines\Assignment\BGE\Debug\bulletcollision_vs2010_debug.pdb'; linking object as if no debug info
     1>BulletCollision_vs2010_debug.lib(btManifoldResult.obj) : warning LNK4099: PDB 'bulletcollision_vs2010_debug.pdb' was not found with 'BulletCollision_vs2010_debug.lib(btManifoldResult.obj)' or at 'C:\Users\Kevin\Google Drive\CollegeWork\4thYear\GamesEngines\Assignment\BGE\Debug\bulletcollision_vs2010_debug.pdb'; linking object as if no debug info
     1>BulletCollision_vs2010_debug.lib(btSimulationIslandManager.obj) : warning LNK4099: PDB 'bulletcollision_vs2010_debug.pdb' was not found with 'BulletCollision_vs2010_debug.lib(btSimulationIslandManager.obj)' or at 'C:\Users\Kevin\Google Drive\CollegeWork\4thYear\GamesEngines\Assignment\BGE\Debug\bulletcollision_vs2010_debug.pdb'; linking object as if no debug info
     1>BulletCollision_vs2010_debug.lib(btSphereSphereCollisionAlgorithm.obj) : warning LNK4099: PDB 'bulletcollision_vs2010_debug.pdb' was not found with 'BulletCollision_vs2010_debug.lib(btSphereSphereCollisionAlgorithm.obj)' or at 'C:\Users\Kevin\Google Drive\CollegeWork\4thYear\GamesEngines\Assignment\BGE\Debug\bulletcollision_vs2010_debug.pdb'; linking object as if no debug info
     1>BulletCollision_vs2010_debug.lib(btSphereTriangleCollisionAlgorithm.obj) : warning LNK4099: PDB 'bulletcollision_vs2010_debug.pdb' was not found with 'BulletCollision_vs2010_debug.lib(btSphereTriangleCollisionAlgorithm.obj)' or at 'C:\Users\Kevin\Google Drive\CollegeWork\4thYear\GamesEngines\Assignment\BGE\Debug\bulletcollision_vs2010_debug.pdb'; linking object as if no debug info
     1>BulletCollision_vs2010_debug.lib(btUnionFind.obj) : warning LNK4099: PDB 'bulletcollision_vs2010_debug.pdb' was not found with 'BulletCollision_vs2010_debug.lib(btUnionFind.obj)' or at 'C:\Users\Kevin\Google Drive\CollegeWork\4thYear\GamesEngines\Assignment\BGE\Debug\bulletcollision_vs2010_debug.pdb'; linking object as if no debug info
     1>BulletCollision_vs2010_debug.lib(SphereTriangleDetector.obj) : warning LNK4099: PDB 'bulletcollision_vs2010_debug.pdb' was not found with 'BulletCollision_vs2010_debug.lib(SphereTriangleDetector.obj)' or at 'C:\Users\Kevin\Google Drive\CollegeWork\4thYear\GamesEngines\Assignment\BGE\Debug\bulletcollision_vs2010_debug.pdb'; linking object as if no debug info
     1>BulletCollision_vs2010_debug.lib(btBoxShape.obj) : warning LNK4099: PDB 'bulletcollision_vs2010_debug.pdb' was not found with 'BulletCollision_vs2010_debug.lib(btBoxShape.obj)' or at 'C:\Users\Kevin\Google Drive\CollegeWork\4thYear\GamesEngines\Assignment\BGE\Debug\bulletcollision_vs2010_debug.pdb'; linking object as if no debug info
     1>BulletCollision_vs2010_debug.lib(btBvhTriangleMeshShape.obj) : warning LNK4099: PDB 'bulletcollision_vs2010_debug.pdb' was not found with 'BulletCollision_vs2010_debug.lib(btBvhTriangleMeshShape.obj)' or at 'C:\Users\Kevin\Google Drive\CollegeWork\4thYear\GamesEngines\Assignment\BGE\Debug\bulletcollision_vs2010_debug.pdb'; linking object as if no debug info
     1>BulletCollision_vs2010_debug.lib(btCapsuleShape.obj) : warning LNK4099: PDB 'bulletcollision_vs2010_debug.pdb' was not found with 'BulletCollision_vs2010_debug.lib(btCapsuleShape.obj)' or at 'C:\Users\Kevin\Google Drive\CollegeWork\4thYear\GamesEngines\Assignment\BGE\Debug\bulletcollision_vs2010_debug.pdb'; linking object as if no debug info
     1>BulletCollision_vs2010_debug.lib(btCollisionShape.obj) : warning LNK4099: PDB 'bulletcollision_vs2010_debug.pdb' was not found with 'BulletCollision_vs2010_debug.lib(btCollisionShape.obj)' or at 'C:\Users\Kevin\Google Drive\CollegeWork\4thYear\GamesEngines\Assignment\BGE\Debug\bulletcollision_vs2010_debug.pdb'; linking object as if no debug info
     1>BulletCollision_vs2010_debug.lib(btConcaveShape.obj) : warning LNK4099: PDB 'bulletcollision_vs2010_debug.pdb' was not found with 'BulletCollision_vs2010_debug.lib(btConcaveShape.obj)' or at 'C:\Users\Kevin\Google Drive\CollegeWork\4thYear\GamesEngines\Assignment\BGE\Debug\bulletcollision_vs2010_debug.pdb'; linking object as if no debug info
     1>BulletCollision_vs2010_debug.lib(btConvexHullShape.obj) : warning LNK4099: PDB 'bulletcollision_vs2010_debug.pdb' was not found with 'BulletCollision_vs2010_debug.lib(btConvexHullShape.obj)' or at 'C:\Users\Kevin\Google Drive\CollegeWork\4thYear\GamesEngines\Assignment\BGE\Debug\bulletcollision_vs2010_debug.pdb'; linking object as if no debug info
     1>BulletCollision_vs2010_debug.lib(btConvexInternalShape.obj) : warning LNK4099: PDB 'bulletcollision_vs2010_debug.pdb' was not found with 'BulletCollision_vs2010_debug.lib(btConvexInternalShape.obj)' or at 'C:\Users\Kevin\Google Drive\CollegeWork\4thYear\GamesEngines\Assignment\BGE\Debug\bulletcollision_vs2010_debug.pdb'; linking object as if no debug info
     1>BulletCollision_vs2010_debug.lib(btConvexPolyhedron.obj) : warning LNK4099: PDB 'bulletcollision_vs2010_debug.pdb' was not found with 'BulletCollision_vs2010_debug.lib(btConvexPolyhedron.obj)' or at 'C:\Users\Kevin\Google Drive\CollegeWork\4thYear\GamesEngines\Assignment\BGE\Debug\bulletcollision_vs2010_debug.pdb'; linking object as if no debug info
     1>BulletCollision_vs2010_debug.lib(btConvexShape.obj) : warning LNK4099: PDB 'bulletcollision_vs2010_debug.pdb' was not found with 'BulletCollision_vs2010_debug.lib(btConvexShape.obj)' or at 'C:\Users\Kevin\Google Drive\CollegeWork\4thYear\GamesEngines\Assignment\BGE\Debug\bulletcollision_vs2010_debug.pdb'; linking object as if no debug info
     1>BulletCollision_vs2010_debug.lib(btCylinderShape.obj) : warning LNK4099: PDB 'bulletcollision_vs2010_debug.pdb' was not found with 'BulletCollision_vs2010_debug.lib(btCylinderShape.obj)' or at 'C:\Users\Kevin\Google Drive\CollegeWork\4thYear\GamesEngines\Assignment\BGE\Debug\bulletcollision_vs2010_debug.pdb'; linking object as if no debug info
     1>BulletCollision_vs2010_debug.lib(btOptimizedBvh.obj) : warning LNK4099: PDB 'bulletcollision_vs2010_debug.pdb' was not found with 'BulletCollision_vs2010_debug.lib(btOptimizedBvh.obj)' or at 'C:\Users\Kevin\Google Drive\CollegeWork\4thYear\GamesEngines\Assignment\BGE\Debug\bulletcollision_vs2010_debug.pdb'; linking object as if no debug info
     1>BulletCollision_vs2010_debug.lib(btPolyhedralConvexShape.obj) : warning LNK4099: PDB 'bulletcollision_vs2010_debug.pdb' was not found with 'BulletCollision_vs2010_debug.lib(btPolyhedralConvexShape.obj)' or at 'C:\Users\Kevin\Google Drive\CollegeWork\4thYear\GamesEngines\Assignment\BGE\Debug\bulletcollision_vs2010_debug.pdb'; linking object as if no debug info
     1>BulletCollision_vs2010_debug.lib(btSphereShape.obj) : warning LNK4099: PDB 'bulletcollision_vs2010_debug.pdb' was not found with 'BulletCollision_vs2010_debug.lib(btSphereShape.obj)' or at 'C:\Users\Kevin\Google Drive\CollegeWork\4thYear\GamesEngines\Assignment\BGE\Debug\bulletcollision_vs2010_debug.pdb'; linking object as if no debug info
     1>BulletCollision_vs2010_debug.lib(btStaticPlaneShape.obj) : warning LNK4099: PDB 'bulletcollision_vs2010_debug.pdb' was not found with 'BulletCollision_vs2010_debug.lib(btStaticPlaneShape.obj)' or at 'C:\Users\Kevin\Google Drive\CollegeWork\4thYear\GamesEngines\Assignment\BGE\Debug\bulletcollision_vs2010_debug.pdb'; linking object as if no debug info
     1>BulletCollision_vs2010_debug.lib(btTriangleCallback.obj) : warning LNK4099: PDB 'bulletcollision_vs2010_debug.pdb' was not found with 'BulletCollision_vs2010_debug.lib(btTriangleCallback.obj)' or at 'C:\Users\Kevin\Google Drive\CollegeWork\4thYear\GamesEngines\Assignment\BGE\Debug\bulletcollision_vs2010_debug.pdb'; linking object as if no debug info
     1>BulletCollision_vs2010_debug.lib(btTriangleMeshShape.obj) : warning LNK4099: PDB 'bulletcollision_vs2010_debug.pdb' was not found with 'BulletCollision_vs2010_debug.lib(btTriangleMeshShape.obj)' or at 'C:\Users\Kevin\Google Drive\CollegeWork\4thYear\GamesEngines\Assignment\BGE\Debug\bulletcollision_vs2010_debug.pdb'; linking object as if no debug info
     1>BulletCollision_vs2010_debug.lib(btContinuousConvexCollision.obj) : warning LNK4099: PDB 'bulletcollision_vs2010_debug.pdb' was not found with 'BulletCollision_vs2010_debug.lib(btContinuousConvexCollision.obj)' or at 'C:\Users\Kevin\Google Drive\CollegeWork\4thYear\GamesEngines\Assignment\BGE\Debug\bulletcollision_vs2010_debug.pdb'; linking object as if no debug info
     1>BulletCollision_vs2010_debug.lib(btConvexCast.obj) : warning LNK4099: PDB 'bulletcollision_vs2010_debug.pdb' was not found with 'BulletCollision_vs2010_debug.lib(btConvexCast.obj)' or at 'C:\Users\Kevin\Google Drive\CollegeWork\4thYear\GamesEngines\Assignment\BGE\Debug\bulletcollision_vs2010_debug.pdb'; linking object as if no debug info
     1>BulletCollision_vs2010_debug.lib(btGjkConvexCast.obj) : warning LNK4099: PDB 'bulletcollision_vs2010_debug.pdb' was not found with 'BulletCollision_vs2010_debug.lib(btGjkConvexCast.obj)' or at 'C:\Users\Kevin\Google Drive\CollegeWork\4thYear\GamesEngines\Assignment\BGE\Debug\bulletcollision_vs2010_debug.pdb'; linking object as if no debug info
     1>BulletCollision_vs2010_debug.lib(btGjkEpa2.obj) : warning LNK4099: PDB 'bulletcollision_vs2010_debug.pdb' was not found with 'BulletCollision_vs2010_debug.lib(btGjkEpa2.obj)' or at 'C:\Users\Kevin\Google Drive\CollegeWork\4thYear\GamesEngines\Assignment\BGE\Debug\bulletcollision_vs2010_debug.pdb'; linking object as if no debug info
     1>BulletCollision_vs2010_debug.lib(btGjkEpaPenetrationDepthSolver.obj) : warning LNK4099: PDB 'bulletcollision_vs2010_debug.pdb' was not found with 'BulletCollision_vs2010_debug.lib(btGjkEpaPenetrationDepthSolver.obj)' or at 'C:\Users\Kevin\Google Drive\CollegeWork\4thYear\GamesEngines\Assignment\BGE\Debug\bulletcollision_vs2010_debug.pdb'; linking object as if no debug info
     1>BulletCollision_vs2010_debug.lib(btGjkPairDetector.obj) : warning LNK4099: PDB 'bulletcollision_vs2010_debug.pdb' was not found with 'BulletCollision_vs2010_debug.lib(btGjkPairDetector.obj)' or at 'C:\Users\Kevin\Google Drive\CollegeWork\4thYear\GamesEngines\Assignment\BGE\Debug\bulletcollision_vs2010_debug.pdb'; linking object as if no debug info
     1>BulletCollision_vs2010_debug.lib(btMinkowskiPenetrationDepthSolver.obj) : warning LNK4099: PDB 'bulletcollision_vs2010_debug.pdb' was not found with 'BulletCollision_vs2010_debug.lib(btMinkowskiPenetrationDepthSolver.obj)' or at 'C:\Users\Kevin\Google Drive\CollegeWork\4thYear\GamesEngines\Assignment\BGE\Debug\bulletcollision_vs2010_debug.pdb'; linking object as if no debug info
     1>BulletCollision_vs2010_debug.lib(btPersistentManifold.obj) : warning LNK4099: PDB 'bulletcollision_vs2010_debug.pdb' was not found with 'BulletCollision_vs2010_debug.lib(btPersistentManifold.obj)' or at 'C:\Users\Kevin\Google Drive\CollegeWork\4thYear\GamesEngines\Assignment\BGE\Debug\bulletcollision_vs2010_debug.pdb'; linking object as if no debug info
     1>BulletCollision_vs2010_debug.lib(btPolyhedralContactClipping.obj) : warning LNK4099: PDB 'bulletcollision_vs2010_debug.pdb' was not found with 'BulletCollision_vs2010_debug.lib(btPolyhedralContactClipping.obj)' or at 'C:\Users\Kevin\Google Drive\CollegeWork\4thYear\GamesEngines\Assignment\BGE\Debug\bulletcollision_vs2010_debug.pdb'; linking object as if no debug info
     1>BulletCollision_vs2010_debug.lib(btRaycastCallback.obj) : warning LNK4099: PDB 'bulletcollision_vs2010_debug.pdb' was not found with 'BulletCollision_vs2010_debug.lib(btRaycastCallback.obj)' or at 'C:\Users\Kevin\Google Drive\CollegeWork\4thYear\GamesEngines\Assignment\BGE\Debug\bulletcollision_vs2010_debug.pdb'; linking object as if no debug info
     1>BulletCollision_vs2010_debug.lib(btSubSimplexConvexCast.obj) : warning LNK4099: PDB 'bulletcollision_vs2010_debug.pdb' was not found with 'BulletCollision_vs2010_debug.lib(btSubSimplexConvexCast.obj)' or at 'C:\Users\Kevin\Google Drive\CollegeWork\4thYear\GamesEngines\Assignment\BGE\Debug\bulletcollision_vs2010_debug.pdb'; linking object as if no debug info
     1>BulletCollision_vs2010_debug.lib(btVoronoiSimplexSolver.obj) : warning LNK4099: PDB 'bulletcollision_vs2010_debug.pdb' was not found with 'BulletCollision_vs2010_debug.lib(btVoronoiSimplexSolver.obj)' or at 'C:\Users\Kevin\Google Drive\CollegeWork\4thYear\GamesEngines\Assignment\BGE\Debug\bulletcollision_vs2010_debug.pdb'; linking object as if no debug info
     1>BulletDynamics_vs2010_debug.lib(btConeTwistConstraint.obj) : warning LNK4099: PDB 'bulletdynamics_vs2010_debug.pdb' was not found with 'BulletDynamics_vs2010_debug.lib(btConeTwistConstraint.obj)' or at 'C:\Users\Kevin\Google Drive\CollegeWork\4thYear\GamesEngines\Assignment\BGE\Debug\bulletdynamics_vs2010_debug.pdb'; linking object as if no debug info
     1>BulletDynamics_vs2010_debug.lib(btGeneric6DofConstraint.obj) : warning LNK4099: PDB 'bulletdynamics_vs2010_debug.pdb' was not found with 'BulletDynamics_vs2010_debug.lib(btGeneric6DofConstraint.obj)' or at 'C:\Users\Kevin\Google Drive\CollegeWork\4thYear\GamesEngines\Assignment\BGE\Debug\bulletdynamics_vs2010_debug.pdb'; linking object as if no debug info
     1>BulletDynamics_vs2010_debug.lib(btHingeConstraint.obj) : warning LNK4099: PDB 'bulletdynamics_vs2010_debug.pdb' was not found with 'BulletDynamics_vs2010_debug.lib(btHingeConstraint.obj)' or at 'C:\Users\Kevin\Google Drive\CollegeWork\4thYear\GamesEngines\Assignment\BGE\Debug\bulletdynamics_vs2010_debug.pdb'; linking object as if no debug info
     1>BulletDynamics_vs2010_debug.lib(btSequentialImpulseConstraintSolver.obj) : warning LNK4099: PDB 'bulletdynamics_vs2010_debug.pdb' was not found with 'BulletDynamics_vs2010_debug.lib(btSequentialImpulseConstraintSolver.obj)' or at 'C:\Users\Kevin\Google Drive\CollegeWork\4thYear\GamesEngines\Assignment\BGE\Debug\bulletdynamics_vs2010_debug.pdb'; linking object as if no debug info
     1>BulletDynamics_vs2010_debug.lib(btTypedConstraint.obj) : warning LNK4099: PDB 'bulletdynamics_vs2010_debug.pdb' was not found with 'BulletDynamics_vs2010_debug.lib(btTypedConstraint.obj)' or at 'C:\Users\Kevin\Google Drive\CollegeWork\4thYear\GamesEngines\Assignment\BGE\Debug\bulletdynamics_vs2010_debug.pdb'; linking object as if no debug info
     1>BulletDynamics_vs2010_debug.lib(btDiscreteDynamicsWorld.obj) : warning LNK4099: PDB 'bulletdynamics_vs2010_debug.pdb' was not found with 'BulletDynamics_vs2010_debug.lib(btDiscreteDynamicsWorld.obj)' or at 'C:\Users\Kevin\Google Drive\CollegeWork\4thYear\GamesEngines\Assignment\BGE\Debug\bulletdynamics_vs2010_debug.pdb'; linking object as if no debug info
     1>BulletDynamics_vs2010_debug.lib(btRigidBody.obj) : warning LNK4099: PDB 'bulletdynamics_vs2010_debug.pdb' was not found with 'BulletDynamics_vs2010_debug.lib(btRigidBody.obj)' or at 'C:\Users\Kevin\Google Drive\CollegeWork\4thYear\GamesEngines\Assignment\BGE\Debug\bulletdynamics_vs2010_debug.pdb'; linking object as if no debug info
     1>LinearMath_vs2010_debug.lib(btAlignedAllocator.obj) : warning LNK4099: PDB 'linearmath_vs2010_debug.pdb' was not found with 'LinearMath_vs2010_debug.lib(btAlignedAllocator.obj)' or at 'C:\Users\Kevin\Google Drive\CollegeWork\4thYear\GamesEngines\Assignment\BGE\Debug\linearmath_vs2010_debug.pdb'; linking object as if no debug info
     1>LinearMath_vs2010_debug.lib(btConvexHullComputer.obj) : warning LNK4099: PDB 'linearmath_vs2010_debug.pdb' was not found with 'LinearMath_vs2010_debug.lib(btConvexHullComputer.obj)' or at 'C:\Users\Kevin\Google Drive\CollegeWork\4thYear\GamesEngines\Assignment\BGE\Debug\linearmath_vs2010_debug.pdb'; linking object as if no debug info
     1>LinearMath_vs2010_debug.lib(btGeometryUtil.obj) : warning LNK4099: PDB 'linearmath_vs2010_debug.pdb' was not found with 'LinearMath_vs2010_debug.lib(btGeometryUtil.obj)' or at 'C:\Users\Kevin\Google Drive\CollegeWork\4thYear\GamesEngines\Assignment\BGE\Debug\linearmath_vs2010_debug.pdb'; linking object as if no debug info
     1>LinearMath_vs2010_debug.lib(btQuickprof.obj) : warning LNK4099: PDB 'linearmath_vs2010_debug.pdb' was not found with 'LinearMath_vs2010_debug.lib(btQuickprof.obj)' or at 'C:\Users\Kevin\Google Drive\CollegeWork\4thYear\GamesEngines\Assignment\BGE\Debug\linearmath_vs2010_debug.pdb'; linking object as if no debug info
     1>LinearMath_vs2010_debug.lib(btVector3.obj) : warning LNK4099: PDB 'linearmath_vs2010_debug.pdb' was not found with 'LinearMath_vs2010_debug.lib(btVector3.obj)' or at 'C:\Users\Kevin\Google Drive\CollegeWork\4thYear\GamesEngines\Assignment\BGE\Debug\linearmath_vs2010_debug.pdb'; linking object as if no debug info
         BGE.vcxproj -> C:\Users\Kevin\Google Drive\CollegeWork\4thYear\GamesEngines\Assignment\BGE\Debug\BGE.exe
     1>Done Building Project "C:\Users\Kevin\Google Drive\CollegeWork\4thYear\GamesEngines\Assignment\BGE\BGE\BGE.vcxproj" (Build target(s)).

Build succeeded.

Time Elapsed 00:00:09.15
